<?xml version="1.0" encoding="UTF-8"?>
<coverage generated="1319756005">
  <project timestamp="1319756005">
    <file name="/home/bcrevensten/repo-dump/snapwww/src/TestClass.php">
      <class name="TestClass" namespace="global">
        <metrics methods="1" coveredmethods="1" conditionals="0" coveredconditionals="0" statements="3" coveredstatements="2" elements="4" coveredelements="3"/>
      </class>
      <line num="7" type="method" name="demo" crap="2.15" count="1"/>
      <line num="8" type="stmt" count="1"/>
      <line num="9" type="stmt" count="1"/>
      <line num="11" type="stmt" count="0"/>
      <metrics loc="13" ncloc="10" classes="1" methods="1" coveredmethods="1" conditionals="0" coveredconditionals="0" statements="3" coveredstatements="2" elements="4" coveredelements="3"/>
    </file>
    <metrics files="1" loc="13" ncloc="10" classes="1" methods="1" coveredmethods="1" conditionals="0" coveredconditionals="0" statements="3" coveredstatements="2" elements="4" coveredelements="3"/>
  </project>
</coverage>
